<?xml version="1.0" encoding="UTF-8"?>
<testng-results skipped="0" failed="0" ignored="0" total="1" passed="1">
  <reporter-output>
  </reporter-output>
  <suite name="TESTNGS" duration-ms="533" started-at="2020-08-04T11:46:33Z" finished-at="2020-08-04T11:46:33Z">
    <groups>
    </groups>
    <test name="Test1" duration-ms="533" started-at="2020-08-04T11:46:33Z" finished-at="2020-08-04T11:46:33Z">
      <class name="TESTNG.Test1">
        <test-method status="PASS" signature="methods()[pri:0, instance:TESTNG.Test1@26653222]" name="methods" duration-ms="136" started-at="2020-08-04T11:46:33Z" finished-at="2020-08-04T11:46:33Z">
          <reporter-output>
          </reporter-output>
        </test-method> <!-- methods -->
      </class> <!-- TESTNG.Test1 -->
    </test> <!-- Test1 -->
  </suite> <!-- TESTNGS -->
</testng-results>
